  box.cpp
G:\raylib\projects\foosies++\foosies++\src\box.cpp(47,34): warning C4244: '=': conversion from 'float' to 'int', possible loss of data
G:\raylib\projects\foosies++\foosies++\src\box.cpp(51,34): warning C4244: '=': conversion from 'float' to 'int', possible loss of data
G:\raylib\projects\foosies++\foosies++\src\box.cpp(80,123): warning C4305: 'argument': truncation from 'double' to 'float'
  button.cpp
  character.cpp
G:\raylib\projects\foosies++\foosies++\src\globals.hpp(81,105): warning C4312: 'type cast': conversion from 'int' to 'PlayerInput *' of greater size
G:\raylib\projects\foosies++\foosies++\src\globals.hpp(82,105): warning C4312: 'type cast': conversion from 'int' to 'PlayerInput *' of greater size
G:\raylib\projects\foosies++\foosies++\src\globals.hpp(85,113): warning C4312: 'type cast': conversion from 'int' to 'PlayerInput *' of greater size
G:\raylib\projects\foosies++\foosies++\src\globals.hpp(148,56): warning C4302: 'type cast': truncation from 'const char *' to 'char'
  controller.cpp
G:\raylib\projects\foosies++\foosies++\src\globals.hpp(81,105): warning C4312: 'type cast': conversion from 'int' to 'PlayerInput *' of greater size
G:\raylib\projects\foosies++\foosies++\src\globals.hpp(82,105): warning C4312: 'type cast': conversion from 'int' to 'PlayerInput *' of greater size
G:\raylib\projects\foosies++\foosies++\src\globals.hpp(85,113): warning C4312: 'type cast': conversion from 'int' to 'PlayerInput *' of greater size
G:\raylib\projects\foosies++\foosies++\src\globals.hpp(148,56): warning C4302: 'type cast': truncation from 'const char *' to 'char'
  imgui.cpp
  imgui_draw.cpp
  imgui_impl_glfw.cpp
  imgui_impl_opengl3.cpp
  imgui_widgets.cpp
  foosiespp.cpp
G:\raylib\projects\foosies++\foosies++\src\globals.hpp(81,105): warning C4312: 'type cast': conversion from 'int' to 'PlayerInput *' of greater size
G:\raylib\projects\foosies++\foosies++\src\globals.hpp(82,105): warning C4312: 'type cast': conversion from 'int' to 'PlayerInput *' of greater size
G:\raylib\projects\foosies++\foosies++\src\globals.hpp(85,113): warning C4312: 'type cast': conversion from 'int' to 'PlayerInput *' of greater size
G:\raylib\projects\foosies++\foosies++\src\globals.hpp(148,56): warning C4302: 'type cast': truncation from 'const char *' to 'char'
  main.cpp
G:\raylib\projects\foosies++\foosies++\src\globals.hpp(81,105): warning C4312: 'type cast': conversion from 'int' to 'PlayerInput *' of greater size
G:\raylib\projects\foosies++\foosies++\src\globals.hpp(82,105): warning C4312: 'type cast': conversion from 'int' to 'PlayerInput *' of greater size
G:\raylib\projects\foosies++\foosies++\src\globals.hpp(85,113): warning C4312: 'type cast': conversion from 'int' to 'PlayerInput *' of greater size
G:\raylib\projects\foosies++\foosies++\src\globals.hpp(148,56): warning C4302: 'type cast': truncation from 'const char *' to 'char'
  player.cpp
G:\raylib\projects\foosies++\foosies++\src\globals.hpp(81,105): warning C4312: 'type cast': conversion from 'int' to 'PlayerInput *' of greater size
G:\raylib\projects\foosies++\foosies++\src\globals.hpp(82,105): warning C4312: 'type cast': conversion from 'int' to 'PlayerInput *' of greater size
G:\raylib\projects\foosies++\foosies++\src\globals.hpp(85,113): warning C4312: 'type cast': conversion from 'int' to 'PlayerInput *' of greater size
G:\raylib\projects\foosies++\foosies++\src\globals.hpp(148,56): warning C4302: 'type cast': truncation from 'const char *' to 'char'
G:\raylib\projects\foosies++\foosies++\src\player.cpp(213,46): warning C4244: '+=': conversion from 'float' to 'int', possible loss of data
  session.cpp
G:\raylib\projects\foosies++\foosies++\src\globals.hpp(81,105): warning C4312: 'type cast': conversion from 'int' to 'PlayerInput *' of greater size
G:\raylib\projects\foosies++\foosies++\src\globals.hpp(82,105): warning C4312: 'type cast': conversion from 'int' to 'PlayerInput *' of greater size
G:\raylib\projects\foosies++\foosies++\src\globals.hpp(85,113): warning C4312: 'type cast': conversion from 'int' to 'PlayerInput *' of greater size
G:\raylib\projects\foosies++\foosies++\src\globals.hpp(148,56): warning C4302: 'type cast': truncation from 'const char *' to 'char'
  main_gui.cpp
G:\raylib\projects\foosies++\foosies++\src\globals.hpp(81,105): warning C4312: 'type cast': conversion from 'int' to 'PlayerInput *' of greater size
G:\raylib\projects\foosies++\foosies++\src\globals.hpp(82,105): warning C4312: 'type cast': conversion from 'int' to 'PlayerInput *' of greater size
G:\raylib\projects\foosies++\foosies++\src\globals.hpp(85,113): warning C4312: 'type cast': conversion from 'int' to 'PlayerInput *' of greater size
G:\raylib\projects\foosies++\foosies++\src\globals.hpp(148,56): warning C4302: 'type cast': truncation from 'const char *' to 'char'
G:\raylib\projects\foosies++\foosies++\src\ui\dev\main_gui.cpp(179,18): warning C4244: 'initializing': conversion from 'std::streamoff' to 'int', possible loss of data
  core.c
G:\raylib\projects\foosies++\foosies++\src\deps\raylib\rlgl.h(1634,5): warning C4090: 'function': different 'const' qualifiers
G:\raylib\projects\foosies++\foosies++\src\deps\raylib\rlgl.h(2973,1): warning C4267: 'initializing': conversion from 'size_t' to 'int', possible loss of data
G:\raylib\projects\foosies++\foosies++\src\deps\raylib\external\rgif.h(614,1): warning C4334: '<<': result of 32-bit shift implicitly converted to 64 bits (was 64-bit shift intended?)
G:\raylib\projects\foosies++\foosies++\src\deps\raylib\core.c(1671,35): warning C4244: '=': conversion from 'float' to 'unsigned char', possible loss of data
G:\raylib\projects\foosies++\foosies++\src\deps\raylib\core.c(1672,35): warning C4244: '=': conversion from 'float' to 'unsigned char', possible loss of data
G:\raylib\projects\foosies++\foosies++\src\deps\raylib\core.c(1673,35): warning C4244: '=': conversion from 'float' to 'unsigned char', possible loss of data
G:\raylib\projects\foosies++\foosies++\src\deps\raylib\core.c(1674,35): warning C4244: '=': conversion from 'float' to 'unsigned char', possible loss of data
G:\raylib\projects\foosies++\foosies++\src\deps\raylib\core.c(1745,30): warning C4244: '=': conversion from 'float' to 'unsigned char', possible loss of data
G:\raylib\projects\foosies++\foosies++\src\deps\raylib\core.c(1748,34): warning C4244: '=': conversion from 'double' to 'float', possible loss of data
G:\raylib\projects\foosies++\foosies++\src\deps\raylib\core.c(1753,30): warning C4244: '=': conversion from 'float' to 'unsigned char', possible loss of data
G:\raylib\projects\foosies++\foosies++\src\deps\raylib\core.c(1756,34): warning C4244: '=': conversion from 'double' to 'float', possible loss of data
G:\raylib\projects\foosies++\foosies++\src\deps\raylib\core.c(1761,30): warning C4244: '=': conversion from 'float' to 'unsigned char', possible loss of data
G:\raylib\projects\foosies++\foosies++\src\deps\raylib\core.c(1740,1): warning C4244: 'initializing': conversion from 'double' to 'float', possible loss of data
G:\raylib\projects\foosies++\foosies++\src\deps\raylib\core.c(1933,1): warning C4267: 'initializing': conversion from 'size_t' to 'int', possible loss of data
G:\raylib\projects\foosies++\foosies++\src\deps\raylib\core.c(1970,1): warning C4267: 'initializing': conversion from 'size_t' to 'int', possible loss of data
G:\raylib\projects\foosies++\foosies++\src\deps\raylib\core.c(3262,22): warning C4018: '>': signed/unsigned mismatch
G:\raylib\projects\foosies++\foosies++\src\deps\raylib\core.c(3262,55): warning C4018: '>': signed/unsigned mismatch
G:\raylib\projects\foosies++\foosies++\src\deps\raylib\core.c(3296,27): warning C4018: '<': signed/unsigned mismatch
G:\raylib\projects\foosies++\foosies++\src\deps\raylib\core.c(3296,60): warning C4018: '<': signed/unsigned mismatch
  models.c
G:\raylib\projects\foosies++\foosies++\src\deps\raylib\external\par_shapes.h(273,1): warning C4244: 'initializing': conversion from 'double' to 'float', possible loss of data
G:\raylib\projects\foosies++\foosies++\src\deps\raylib\external\par_shapes.h(305,54): warning C4305: 'function': truncation from 'double' to 'float'
G:\raylib\projects\foosies++\foosies++\src\deps\raylib\external\par_shapes.h(335,43): warning C4305: 'function': truncation from 'double' to 'float'
G:\raylib\projects\foosies++\foosies++\src\deps\raylib\external\par_shapes.h(346,43): warning C4305: 'function': truncation from 'double' to 'float'
G:\raylib\projects\foosies++\foosies++\src\deps\raylib\external\par_shapes.h(534,1): warning C4244: 'initializing': conversion from 'double' to 'float', possible loss of data
G:\raylib\projects\foosies++\foosies++\src\deps\raylib\external\par_shapes.h(535,1): warning C4244: 'initializing': conversion from 'double' to 'float', possible loss of data
G:\raylib\projects\foosies++\foosies++\src\deps\raylib\external\par_shapes.h(543,1): warning C4244: 'initializing': conversion from 'double' to 'float', possible loss of data
G:\raylib\projects\foosies++\foosies++\src\deps\raylib\external\par_shapes.h(544,1): warning C4244: 'initializing': conversion from 'double' to 'float', possible loss of data
G:\raylib\projects\foosies++\foosies++\src\deps\raylib\external\par_shapes.h(568,28): warning C4244: 'function': conversion from 'double' to 'float', possible loss of data
G:\raylib\projects\foosies++\foosies++\src\deps\raylib\external\par_shapes.h(559,1): warning C4244: 'initializing': conversion from 'double' to 'float', possible loss of data
G:\raylib\projects\foosies++\foosies++\src\deps\raylib\external\par_shapes.h(560,1): warning C4244: 'initializing': conversion from 'double' to 'float', possible loss of data
G:\raylib\projects\foosies++\foosies++\src\deps\raylib\external\par_shapes.h(576,1): warning C4244: 'initializing': conversion from 'double' to 'float', possible loss of data
G:\raylib\projects\foosies++\foosies++\src\deps\raylib\external\par_shapes.h(586,1): warning C4244: 'initializing': conversion from 'double' to 'float', possible loss of data
G:\raylib\projects\foosies++\foosies++\src\deps\raylib\external\par_shapes.h(587,1): warning C4244: 'initializing': conversion from 'double' to 'float', possible loss of data
G:\raylib\projects\foosies++\foosies++\src\deps\raylib\external\par_shapes.h(609,78): warning C4244: '=': conversion from 'double' to 'float', possible loss of data
G:\raylib\projects\foosies++\foosies++\src\deps\raylib\external\par_shapes.h(611,78): warning C4244: '=': conversion from 'double' to 'float', possible loss of data
G:\raylib\projects\foosies++\foosies++\src\deps\raylib\external\par_shapes.h(612,36): warning C4244: '=': conversion from 'double' to 'float', possible loss of data
G:\raylib\projects\foosies++\foosies++\src\deps\raylib\external\par_shapes.h(618,56): warning C4244: '=': conversion from 'double' to 'float', possible loss of data
G:\raylib\projects\foosies++\foosies++\src\deps\raylib\external\par_shapes.h(619,56): warning C4244: '=': conversion from 'double' to 'float', possible loss of data
G:\raylib\projects\foosies++\foosies++\src\deps\raylib\external\par_shapes.h(620,36): warning C4244: '=': conversion from 'double' to 'float', possible loss of data
G:\raylib\projects\foosies++\foosies++\src\deps\raylib\external\par_shapes.h(601,1): warning C4244: 'initializing': conversion from 'double' to 'const float', possible loss of data
G:\raylib\projects\foosies++\foosies++\src\deps\raylib\external\par_shapes.h(602,1): warning C4244: 'initializing': conversion from 'double' to 'const float', possible loss of data
G:\raylib\projects\foosies++\foosies++\src\deps\raylib\external\par_shapes.h(603,1): warning C4244: 'initializing': conversion from 'double' to 'const float', possible loss of data
G:\raylib\projects\foosies++\foosies++\src\deps\raylib\external\par_shapes.h(604,1): warning C4244: 'initializing': conversion from 'double' to 'const float', possible loss of data
G:\raylib\projects\foosies++\foosies++\src\deps\raylib\external\par_shapes.h(605,1): warning C4244: 'initializing': conversion from 'double' to 'const float', possible loss of data
G:\raylib\projects\foosies++\foosies++\src\deps\raylib\external\par_shapes.h(606,1): warning C4244: 'initializing': conversion from 'double' to 'const float', possible loss of data
G:\raylib\projects\foosies++\foosies++\src\deps\raylib\external\par_shapes.h(670,40): warning C4244: '=': conversion from 'double' to 'float', possible loss of data
G:\raylib\projects\foosies++\foosies++\src\deps\raylib\external\par_shapes.h(671,40): warning C4244: '=': conversion from 'double' to 'float', possible loss of data
G:\raylib\projects\foosies++\foosies++\src\deps\raylib\external\par_shapes.h(695,45): warning C4244: 'function': conversion from 'double' to 'float', possible loss of data
G:\raylib\projects\foosies++\foosies++\src\deps\raylib\external\par_shapes.h(669,1): warning C4244: 'initializing': conversion from 'double' to 'float', possible loss of data
G:\raylib\projects\foosies++\foosies++\src\deps\raylib\external\par_shapes.h(805,1): warning C4305: 'initializing': truncation from 'double' to 'float'
G:\raylib\projects\foosies++\foosies++\src\deps\raylib\external\par_shapes.h(853,1): warning C4305: 'initializing': truncation from 'double' to 'float'
G:\raylib\projects\foosies++\foosies++\src\deps\raylib\external\par_shapes.h(953,1): warning C4305: 'initializing': truncation from 'double' to 'float'
G:\raylib\projects\foosies++\foosies++\src\deps\raylib\external\par_shapes.h(1283,35): warning C4244: '=': conversion from 'double' to 'float', possible loss of data
G:\raylib\projects\foosies++\foosies++\src\deps\raylib\external\par_shapes.h(1285,65): warning C4244: 'function': conversion from 'double' to 'float', possible loss of data
G:\raylib\projects\foosies++\foosies++\src\deps\raylib\external\par_shapes.h(1287,65): warning C4244: 'function': conversion from 'double' to 'float', possible loss of data
G:\raylib\projects\foosies++\foosies++\src\deps\raylib\external\par_shapes.h(1289,65): warning C4244: 'function': conversion from 'double' to 'float', possible loss of data
G:\raylib\projects\foosies++\foosies++\src\deps\raylib\external\par_shapes.h(1446,38): warning C4305: 'function': truncation from 'double' to 'float'
G:\raylib\projects\foosies++\foosies++\src\deps\raylib\external\par_shapes.h(1463,27): warning C4244: '*=': conversion from 'double' to 'float', possible loss of data
G:\raylib\projects\foosies++\foosies++\src\deps\raylib\external\par_shapes.h(1464,23): warning C4244: '*=': conversion from 'double' to 'float', possible loss of data
G:\raylib\projects\foosies++\foosies++\src\deps\raylib\external\par_shapes.h(1465,27): warning C4244: '*=': conversion from 'double' to 'float', possible loss of data
G:\raylib\projects\foosies++\foosies++\src\deps\raylib\external\par_shapes.h(1467,42): warning C4244: '=': conversion from 'double' to 'float', possible loss of data
G:\raylib\projects\foosies++\foosies++\src\deps\raylib\external\par_shapes.h(1747,43): warning C4244: 'function': conversion from 'double' to 'float', possible loss of data
G:\raylib\projects\foosies++\foosies++\src\deps\raylib\external\par_shapes.h(1747,59): warning C4244: 'function': conversion from 'double' to 'float', possible loss of data
G:\raylib\projects\foosies++\foosies++\src\deps\raylib\external\par_shapes.h(1747,75): warning C4244: 'function': conversion from 'double' to 'float', possible loss of data
G:\raylib\projects\foosies++\foosies++\src\deps\raylib\external\par_shapes.h(1716,1): warning C4244: 'initializing': conversion from 'int' to 'float', possible loss of data
G:\raylib\projects\foosies++\foosies++\src\deps\raylib\models.c(123,35): warning C4305: 'function': truncation from 'double' to 'float'
G:\raylib\projects\foosies++\foosies++\src\deps\raylib\models.c(840,23): warning C4018: '<': signed/unsigned mismatch
G:\raylib\projects\foosies++\foosies++\src\deps\raylib\models.c(976,23): warning C4018: '<': signed/unsigned mismatch
G:\raylib\projects\foosies++\foosies++\src\deps\raylib\models.c(984,27): warning C4018: '<': signed/unsigned mismatch
G:\raylib\projects\foosies++\foosies++\src\deps\raylib\models.c(990,27): warning C4018: '<': signed/unsigned mismatch
G:\raylib\projects\foosies++\foosies++\src\deps\raylib\models.c(994,35): warning C4018: '<': signed/unsigned mismatch
G:\raylib\projects\foosies++\foosies++\src\deps\raylib\models.c(996,31): warning C4018: '<': signed/unsigned mismatch
G:\raylib\projects\foosies++\foosies++\src\deps\raylib\models.c(1083,35): warning C4018: '<': signed/unsigned mismatch
G:\raylib\projects\foosies++\foosies++\src\deps\raylib\models.c(2375,17): warning C4101: 'binormal': unreferenced local variable
G:\raylib\projects\foosies++\foosies++\src\deps\raylib\models.c(2410,73): warning C4244: '=': conversion from 'double' to 'unsigned char', possible loss of data
G:\raylib\projects\foosies++\foosies++\src\deps\raylib\models.c(2411,73): warning C4244: '=': conversion from 'double' to 'unsigned char', possible loss of data
G:\raylib\projects\foosies++\foosies++\src\deps\raylib\models.c(2412,73): warning C4244: '=': conversion from 'double' to 'unsigned char', possible loss of data
G:\raylib\projects\foosies++\foosies++\src\deps\raylib\models.c(2413,73): warning C4244: '=': conversion from 'double' to 'unsigned char', possible loss of data
G:\raylib\projects\foosies++\foosies++\src\deps\raylib\models.c(2861,31): warning C4018: '<': signed/unsigned mismatch
G:\raylib\projects\foosies++\foosies++\src\deps\raylib\models.c(2900,27): warning C4018: '<': signed/unsigned mismatch
G:\raylib\projects\foosies++\foosies++\src\deps\raylib\models.c(2936,1): warning C4244: 'initializing': conversion from 'float' to 'unsigned char', possible loss of data
G:\raylib\projects\foosies++\foosies++\src\deps\raylib\models.c(2940,1): warning C4244: 'initializing': conversion from 'float' to 'unsigned char', possible loss of data
G:\raylib\projects\foosies++\foosies++\src\deps\raylib\models.c(2947,1): warning C4244: 'initializing': conversion from 'float' to 'unsigned char', possible loss of data
G:\raylib\projects\foosies++\foosies++\src\deps\raylib\models.c(3142,49): warning C4018: '<': signed/unsigned mismatch
G:\raylib\projects\foosies++\foosies++\src\deps\raylib\models.c(3157,23): warning C4018: '<': signed/unsigned mismatch
G:\raylib\projects\foosies++\foosies++\src\deps\raylib\models.c(3167,35): warning C4018: '<': signed/unsigned mismatch
G:\raylib\projects\foosies++\foosies++\src\deps\raylib\models.c(3170,61): warning C4018: '<': signed/unsigned mismatch
G:\raylib\projects\foosies++\foosies++\src\deps\raylib\models.c(3184,35): warning C4018: '<': signed/unsigned mismatch
G:\raylib\projects\foosies++\foosies++\src\deps\raylib\models.c(3187,61): warning C4018: '<': signed/unsigned mismatch
G:\raylib\projects\foosies++\foosies++\src\deps\raylib\models.c(3201,35): warning C4018: '<': signed/unsigned mismatch
G:\raylib\projects\foosies++\foosies++\src\deps\raylib\models.c(3204,61): warning C4018: '<': signed/unsigned mismatch
G:\raylib\projects\foosies++\foosies++\src\deps\raylib\models.c(3217,35): warning C4018: '<': signed/unsigned mismatch
G:\raylib\projects\foosies++\foosies++\src\deps\raylib\models.c(3220,61): warning C4018: '<': signed/unsigned mismatch
G:\raylib\projects\foosies++\foosies++\src\deps\raylib\models.c(3233,35): warning C4018: '<': signed/unsigned mismatch
G:\raylib\projects\foosies++\foosies++\src\deps\raylib\models.c(3236,61): warning C4018: '<': signed/unsigned mismatch
G:\raylib\projects\foosies++\foosies++\src\deps\raylib\models.c(3255,23): warning C4018: '<': signed/unsigned mismatch
G:\raylib\projects\foosies++\foosies++\src\deps\raylib\models.c(3436,82): warning C4267: 'function': conversion from 'size_t' to 'int', possible loss of data
G:\raylib\projects\foosies++\foosies++\src\deps\raylib\models.c(3426,1): warning C4267: 'initializing': conversion from 'size_t' to 'int', possible loss of data
G:\raylib\projects\foosies++\foosies++\src\deps\raylib\models.c(3427,1): warning C4267: 'initializing': conversion from 'size_t' to 'int', possible loss of data
G:\raylib\projects\foosies++\foosies++\src\deps\raylib\models.c(3531,56): warning C4267: '=': conversion from 'size_t' to 'int', possible loss of data
G:\raylib\projects\foosies++\foosies++\src\deps\raylib\models.c(3602,78): warning C4267: '=': conversion from 'size_t' to 'int', possible loss of data
G:\raylib\projects\foosies++\foosies++\src\deps\raylib\models.c(3605,25): warning C4267: '+=': conversion from 'size_t' to 'int', possible loss of data
G:\raylib\projects\foosies++\foosies++\src\deps\raylib\models.c(3612,25): warning C4267: '+=': conversion from 'size_t' to 'int', possible loss of data
G:\raylib\projects\foosies++\foosies++\src\deps\raylib\models.c(3621,29): warning C4267: '+=': conversion from 'size_t' to 'int', possible loss of data
G:\raylib\projects\foosies++\foosies++\src\deps\raylib\models.c(3637,82): warning C4267: '=': conversion from 'size_t' to 'int', possible loss of data
G:\raylib\projects\foosies++\foosies++\src\deps\raylib\models.c(3639,25): warning C4267: '+=': conversion from 'size_t' to 'int', possible loss of data
G:\raylib\projects\foosies++\foosies++\src\deps\raylib\models.c(3656,114): warning C4244: '=': conversion from '__int64' to 'int', possible loss of data
  raudio.c
G:\raylib\projects\foosies++\foosies++\src\deps\raylib\external\jar_xm.h(142,50): warning C4244: '=': conversion from 'float' to 'short', possible loss of data
G:\raylib\projects\foosies++\foosies++\src\deps\raylib\external\jar_xm.h(161,50): warning C4244: '=': conversion from 'float' to 'char', possible loss of data
G:\raylib\projects\foosies++\foosies++\src\deps\raylib\external\jar_xm.h(1458,64): warning C4244: '=': conversion from 'uint16_t' to 'uint8_t', possible loss of data
G:\raylib\projects\foosies++\foosies++\src\deps\raylib\external\jar_xm.h(1471,1): warning C4244: 'initializing': conversion from 'float' to 'unsigned int', possible loss of data
G:\raylib\projects\foosies++\foosies++\src\deps\raylib\external\jar_xm.h(1473,1): warning C4244: 'initializing': conversion from 'float' to 'int8_t', possible loss of data
G:\raylib\projects\foosies++\foosies++\src\deps\raylib\external\jar_xm.h(1744,47): warning C4244: '=': conversion from 'uint32_t' to 'float', possible loss of data
G:\raylib\projects\foosies++\foosies++\src\deps\raylib\external\jar_xm.h(1779,70): warning C4244: 'function': conversion from 'int' to 'float', possible loss of data
G:\raylib\projects\foosies++\foosies++\src\deps\raylib\external\jar_xm.h(2232,65): warning C4244: 'function': conversion from 'int' to 'float', possible loss of data
G:\raylib\projects\foosies++\foosies++\src\deps\raylib\external\jar_xm.h(2367,90): warning C4244: '=': conversion from 'double' to 'float', possible loss of data
G:\raylib\projects\foosies++\foosies++\src\deps\raylib\external\jar_xm.h(2564,48): warning C4244: '+=': conversion from 'float' to 'uint64_t', possible loss of data
G:\raylib\projects\foosies++\foosies++\src\deps\raylib\raudio.c(1227,83): warning C4244: '=': conversion from 'drmp3_uint64' to 'unsigned int', possible loss of data
G:\raylib\projects\foosies++\foosies++\src\deps\raylib\raudio.c(1883,58): warning C4267: '=': conversion from 'size_t' to 'int', possible loss of data
  rglfw.c
  shapes.c
G:\raylib\projects\foosies++\foosies++\src\deps\raylib\shapes.c(225,62): warning C4244: '=': conversion from 'float' to 'int', possible loss of data
G:\raylib\projects\foosies++\foosies++\src\deps\raylib\shapes.c(231,1): warning C4244: 'initializing': conversion from 'int' to 'float', possible loss of data
G:\raylib\projects\foosies++\foosies++\src\deps\raylib\shapes.c(319,62): warning C4244: '=': conversion from 'float' to 'int', possible loss of data
G:\raylib\projects\foosies++\foosies++\src\deps\raylib\shapes.c(325,1): warning C4244: 'initializing': conversion from 'int' to 'float', possible loss of data
G:\raylib\projects\foosies++\foosies++\src\deps\raylib\shapes.c(371,31): warning C4244: 'function': conversion from 'int' to 'float', possible loss of data
G:\raylib\projects\foosies++\foosies++\src\deps\raylib\shapes.c(371,40): warning C4244: 'function': conversion from 'int' to 'float', possible loss of data
G:\raylib\projects\foosies++\foosies++\src\deps\raylib\shapes.c(436,62): warning C4244: '=': conversion from 'float' to 'int', possible loss of data
G:\raylib\projects\foosies++\foosies++\src\deps\raylib\shapes.c(449,1): warning C4244: 'initializing': conversion from 'int' to 'float', possible loss of data
G:\raylib\projects\foosies++\foosies++\src\deps\raylib\shapes.c(532,62): warning C4244: '=': conversion from 'float' to 'int', possible loss of data
G:\raylib\projects\foosies++\foosies++\src\deps\raylib\shapes.c(544,1): warning C4244: 'initializing': conversion from 'int' to 'float', possible loss of data
G:\raylib\projects\foosies++\foosies++\src\deps\raylib\shapes.c(745,36): warning C4244: '=': conversion from 'float' to 'int', possible loss of data
G:\raylib\projects\foosies++\foosies++\src\deps\raylib\shapes.c(969,36): warning C4244: '=': conversion from 'float' to 'int', possible loss of data
  text.c
G:\raylib\projects\foosies++\foosies++\src\deps\raylib\text.c(586,45): warning C4244: '*=': conversion from 'float' to 'int', possible loss of data
G:\raylib\projects\foosies++\foosies++\src\deps\raylib\text.c(818,1): warning C4267: 'initializing': conversion from 'size_t' to 'int', possible loss of data
G:\raylib\projects\foosies++\foosies++\src\deps\raylib\text.c(872,1): warning C4267: 'initializing': conversion from 'size_t' to 'int', possible loss of data
G:\raylib\projects\foosies++\foosies++\src\deps\raylib\text.c(971,1): warning C4244: 'initializing': conversion from 'int' to 'float', possible loss of data
G:\raylib\projects\foosies++\foosies++\src\deps\raylib\text.c(1024,1): warning C4267: 'initializing': conversion from 'size_t' to 'int', possible loss of data
G:\raylib\projects\foosies++\foosies++\src\deps\raylib\text.c(1151,1): warning C4267: 'initializing': conversion from 'size_t' to 'int', possible loss of data
G:\raylib\projects\foosies++\foosies++\src\deps\raylib\text.c(1189,33): warning C4267: '=': conversion from 'size_t' to 'int', possible loss of data
G:\raylib\projects\foosies++\foosies++\src\deps\raylib\text.c(1193,23): warning C4267: '=': conversion from 'size_t' to 'int', possible loss of data
G:\raylib\projects\foosies++\foosies++\src\deps\raylib\text.c(1211,44): warning C4244: '=': conversion from '__int64' to 'int', possible loss of data
G:\raylib\projects\foosies++\foosies++\src\deps\raylib\text.c(1228,1): warning C4267: 'initializing': conversion from 'size_t' to 'int', possible loss of data
G:\raylib\projects\foosies++\foosies++\src\deps\raylib\text.c(1229,1): warning C4267: 'initializing': conversion from 'size_t' to 'int', possible loss of data
G:\raylib\projects\foosies++\foosies++\src\deps\raylib\text.c(1250,1): warning C4267: 'initializing': conversion from 'size_t' to 'int', possible loss of data
G:\raylib\projects\foosies++\foosies++\src\deps\raylib\text.c(1254,1): warning C4267: 'initializing': conversion from 'size_t' to 'int', possible loss of data
G:\raylib\projects\foosies++\foosies++\src\deps\raylib\text.c(1318,32): warning C4267: '+=': conversion from 'size_t' to 'int', possible loss of data
G:\raylib\projects\foosies++\foosies++\src\deps\raylib\text.c(1329,43): warning C4244: '=': conversion from '__int64' to 'int', possible loss of data
G:\raylib\projects\foosies++\foosies++\src\deps\raylib\text.c(1394,1): warning C4267: 'initializing': conversion from 'size_t' to 'int', possible loss of data
G:\raylib\projects\foosies++\foosies++\src\deps\raylib\text.c(1437,1): warning C4267: 'initializing': conversion from 'size_t' to 'int', possible loss of data
  textures.c
G:\raylib\projects\foosies++\foosies++\src\deps\raylib\textures.c(368,19): warning C4018: '<': signed/unsigned mismatch
G:\raylib\projects\foosies++\foosies++\src\deps\raylib\textures.c(365,1): warning C4267: 'initializing': conversion from 'size_t' to 'int', possible loss of data
G:\raylib\projects\foosies++\foosies++\src\deps\raylib\textures.c(713,1): warning C4244: 'initializing': conversion from 'int' to 'float', possible loss of data
G:\raylib\projects\foosies++\foosies++\src\deps\raylib\textures.c(844,108): warning C4267: '=': conversion from 'size_t' to 'int', possible loss of data
G:\raylib\projects\foosies++\foosies++\src\deps\raylib\textures.c(1300,63): warning C4244: '=': conversion from 'int' to 'float', possible loss of data
G:\raylib\projects\foosies++\foosies++\src\deps\raylib\textures.c(1309,106): warning C4244: '=': conversion from 'int' to 'float', possible loss of data
G:\raylib\projects\foosies++\foosies++\src\deps\raylib\textures.c(1312,37): warning C4244: '=': conversion from 'int' to 'float', possible loss of data
G:\raylib\projects\foosies++\foosies++\src\deps\raylib\textures.c(1312,59): warning C4244: '=': conversion from 'int' to 'float', possible loss of data
G:\raylib\projects\foosies++\foosies++\src\deps\raylib\textures.c(1313,37): warning C4244: '=': conversion from 'int' to 'float', possible loss of data
G:\raylib\projects\foosies++\foosies++\src\deps\raylib\textures.c(1313,61): warning C4244: '=': conversion from 'int' to 'float', possible loss of data
G:\raylib\projects\foosies++\foosies++\src\deps\raylib\textures.c(1314,37): warning C4244: '=': conversion from 'int' to 'float', possible loss of data
G:\raylib\projects\foosies++\foosies++\src\deps\raylib\textures.c(1315,37): warning C4244: '=': conversion from 'int' to 'float', possible loss of data
G:\raylib\projects\foosies++\foosies++\src\deps\raylib\textures.c(1315,61): warning C4244: '=': conversion from 'int' to 'float', possible loss of data
G:\raylib\projects\foosies++\foosies++\src\deps\raylib\textures.c(1316,56): warning C4244: '=': conversion from 'int' to 'float', possible loss of data
G:\raylib\projects\foosies++\foosies++\src\deps\raylib\textures.c(1317,39): warning C4244: '=': conversion from 'int' to 'float', possible loss of data
G:\raylib\projects\foosies++\foosies++\src\deps\raylib\textures.c(1317,61): warning C4244: '=': conversion from 'int' to 'float', possible loss of data
G:\raylib\projects\foosies++\foosies++\src\deps\raylib\textures.c(1321,39): warning C4244: '=': conversion from 'int' to 'float', possible loss of data
G:\raylib\projects\foosies++\foosies++\src\deps\raylib\textures.c(1321,61): warning C4244: '=': conversion from 'int' to 'float', possible loss of data
G:\raylib\projects\foosies++\foosies++\src\deps\raylib\textures.c(1322,56): warning C4244: '=': conversion from 'int' to 'float', possible loss of data
G:\raylib\projects\foosies++\foosies++\src\deps\raylib\textures.c(1323,37): warning C4244: '=': conversion from 'int' to 'float', possible loss of data
G:\raylib\projects\foosies++\foosies++\src\deps\raylib\textures.c(1324,37): warning C4244: '=': conversion from 'int' to 'float', possible loss of data
G:\raylib\projects\foosies++\foosies++\src\deps\raylib\textures.c(1324,61): warning C4244: '=': conversion from 'int' to 'float', possible loss of data
G:\raylib\projects\foosies++\foosies++\src\deps\raylib\textures.c(1325,37): warning C4244: '=': conversion from 'int' to 'float', possible loss of data
G:\raylib\projects\foosies++\foosies++\src\deps\raylib\textures.c(1325,59): warning C4244: '=': conversion from 'int' to 'float', possible loss of data
G:\raylib\projects\foosies++\foosies++\src\deps\raylib\textures.c(1326,39): warning C4244: '=': conversion from 'int' to 'float', possible loss of data
G:\raylib\projects\foosies++\foosies++\src\deps\raylib\textures.c(1326,61): warning C4244: '=': conversion from 'int' to 'float', possible loss of data
G:\raylib\projects\foosies++\foosies++\src\deps\raylib\textures.c(1295,1): warning C4244: 'initializing': conversion from 'int' to 'float', possible loss of data
G:\raylib\projects\foosies++\foosies++\src\deps\raylib\textures.c(1336,1): warning C4244: 'initializing': conversion from 'int' to 'float', possible loss of data
G:\raylib\projects\foosies++\foosies++\src\deps\raylib\textures.c(1418,1): warning C4244: 'initializing': conversion from 'int' to 'float', possible loss of data
G:\raylib\projects\foosies++\foosies++\src\deps\raylib\textures.c(1547,35): warning C4244: '=': conversion from 'int' to 'float', possible loss of data
G:\raylib\projects\foosies++\foosies++\src\deps\raylib\textures.c(1548,40): warning C4244: '=': conversion from 'int' to 'float', possible loss of data
G:\raylib\projects\foosies++\foosies++\src\deps\raylib\textures.c(1554,35): warning C4244: '=': conversion from 'int' to 'float', possible loss of data
G:\raylib\projects\foosies++\foosies++\src\deps\raylib\textures.c(1555,42): warning C4244: '=': conversion from 'int' to 'float', possible loss of data
G:\raylib\projects\foosies++\foosies++\src\deps\raylib\textures.c(1501,1): warning C4244: 'initializing': conversion from 'int' to 'float', possible loss of data
G:\raylib\projects\foosies++\foosies++\src\deps\raylib\textures.c(1506,1): warning C4244: 'initializing': conversion from 'int' to 'float', possible loss of data
G:\raylib\projects\foosies++\foosies++\src\deps\raylib\textures.c(1512,1): warning C4244: 'initializing': conversion from 'int' to 'float', possible loss of data
G:\raylib\projects\foosies++\foosies++\src\deps\raylib\textures.c(1517,1): warning C4244: 'initializing': conversion from 'int' to 'float', possible loss of data
G:\raylib\projects\foosies++\foosies++\src\deps\raylib\textures.c(1943,1): warning C4267: 'initializing': conversion from 'size_t' to 'int', possible loss of data
G:\raylib\projects\foosies++\foosies++\src\deps\raylib\textures.c(1972,1): warning C4244: 'initializing': conversion from 'int' to 'float', possible loss of data
G:\raylib\projects\foosies++\foosies++\src\deps\raylib\textures.c(1973,1): warning C4244: 'initializing': conversion from 'int' to 'float', possible loss of data
G:\raylib\projects\foosies++\foosies++\src\deps\raylib\textures.c(2010,1): warning C4244: 'initializing': conversion from 'int' to 'float', possible loss of data
G:\raylib\projects\foosies++\foosies++\src\deps\raylib\textures.c(2011,1): warning C4244: 'initializing': conversion from 'int' to 'float', possible loss of data
G:\raylib\projects\foosies++\foosies++\src\deps\raylib\textures.c(2012,1): warning C4244: 'initializing': conversion from 'int' to 'float', possible loss of data
G:\raylib\projects\foosies++\foosies++\src\deps\raylib\textures.c(2013,1): warning C4244: 'initializing': conversion from 'int' to 'float', possible loss of data
G:\raylib\projects\foosies++\foosies++\src\deps\raylib\textures.c(2166,1): warning C4244: 'initializing': conversion from 'float' to 'unsigned char', possible loss of data
G:\raylib\projects\foosies++\foosies++\src\deps\raylib\textures.c(2167,1): warning C4244: 'initializing': conversion from 'float' to 'unsigned char', possible loss of data
G:\raylib\projects\foosies++\foosies++\src\deps\raylib\textures.c(2168,1): warning C4244: 'initializing': conversion from 'float' to 'unsigned char', possible loss of data
G:\raylib\projects\foosies++\foosies++\src\deps\raylib\textures.c(2169,1): warning C4244: 'initializing': conversion from 'float' to 'unsigned char', possible loss of data
  utils.c
session.obj : error LNK2001: unresolved external symbol ggpo_add_local_input
session.obj : error LNK2001: unresolved external symbol ggpo_close_session
session.obj : error LNK2001: unresolved external symbol ggpo_add_player
session.obj : error LNK2001: unresolved external symbol ggpo_start_session
session.obj : error LNK2001: unresolved external symbol ggpo_synchronize_input
G:\raylib\projects\foosies++\foosies++\x64\Release\foosiespp.exe : fatal error LNK1120: 5 unresolved externals
